#
# There is insufficient memory for the Java Runtime Environment to continue.
# Native memory allocation (mmap) failed to map 268435456 bytes for Failed to commit area from 0x0000000701000000 to 0x0000000711000000 of length 268435456.
# Possible reasons:
#   The system is out of physical RAM or swap space
#   The process is running with CompressedOops enabled, and the Java Heap may be blocking the growth of the native heap
# Possible solutions:
#   Reduce memory load on the system
#   Increase physical memory or swap space
#   Check if swap backing store is full
#   Decrease Java heap size (-Xmx/-Xms)
#   Decrease number of Java threads
#   Decrease Java thread stack sizes (-Xss)
#   Set larger code cache with -XX:ReservedCodeCacheSize=
# This output file may be truncated or incomplete.
#
#  Out of Memory Error (./src/hotspot/os/windows/os_windows.cpp:3303), pid=920, tid=11224
#
# JRE version:  (11.0.9.1+11) (build )
# Java VM: OpenJDK 64-Bit Server VM (11.0.9.1+11-b1145.77, mixed mode, sharing, tiered, compressed oops, g1 gc, windows-amd64)
# No core dump will be written. Minidumps are not enabled by default on client versions of Windows
#

---------------  S U M M A R Y ------------

Command Line: org.jetbrains.git4idea.http.GitAskPassApp Username for 'https://github.com': 

Host: Intel(R) Core(TM) i5-4670K CPU @ 3.40GHz, 4 cores, 15G,  Windows 10 , 64 bit Build 18362 (10.0.18362.329)
Time: Fri May  5 04:38:11 2023 GTB Daylight Time elapsed time: 0.019320 seconds (0d 0h 0m 0s)

---------------  T H R E A D  ---------------

Current thread (0x0000025238dd2000):  JavaThread "Unknown thread" [_thread_in_vm, id=11224, stack(0x0000006fda400000,0x0000006fda500000)]

Stack: [0x0000006fda400000,0x0000006fda500000]
Native frames: (J=compiled Java code, j=interpreted, Vv=VM code, C=native code)
V  [jvm.dll+0x5edd9a]
V  [jvm.dll+0x7229c5]
V  [jvm.dll+0x723f1d]
V  [jvm.dll+0x7245d3]
V  [jvm.dll+0x2431b8]
V  [jvm.dll+0x5eb234]
V  [jvm.dll+0x5e0325]
V  [jvm.dll+0x2fe60b]
V  [jvm.dll+0x2fe57a]
V  [jvm.dll+0x2fe452]
V  [jvm.dll+0x303346]
V  [jvm.dll+0x34ba83]
V  [jvm.dll+0x34c186]
V  [jvm.dll+0x34bb83]
V  [jvm.dll+0x2d9218]
V  [jvm.dll+0x2da3c7]
V  [jvm.dll+0x701a67]
V  [jvm.dll+0x70325c]
V  [jvm.dll+0x359049]
V  [jvm.dll+0x6e552e]
V  [jvm.dll+0x3c1353]
V  [jvm.dll+0x3c3571]
C  [jli.dll+0x5373]
C  [ucrtbase.dll+0x20e72]
C  [KERNEL32.DLL+0x17bd4]
C  [ntdll.dll+0x6ced1]


---------------  P R O C E S S  ---------------

Threads class SMR info:
_java_thread_list=0x0000025238bf67f0, length=0, elements={
}

Java Threads: ( => current thread )

Other Threads:
  0x0000025238deb000 GCTaskThread "GC Thread#0" [stack: 0x0000006fda500000,0x0000006fda600000] [id=18656]
  0x0000025238e47800 ConcurrentGCThread "G1 Main Marker" [stack: 0x0000006fda600000,0x0000006fda700000] [id=10636]
  0x0000025238e49000 ConcurrentGCThread "G1 Conc#0" [stack: 0x0000006fda700000,0x0000006fda800000] [id=19724]

[error occurred during error reporting (printing all threads), id 0xc0000005, EXCEPTION_ACCESS_VIOLATION (0xc0000005) at pc=0x00007ffe71189807]

VM state:not at safepoint (not fully initialized)

VM Mutex/Monitor currently owned by a thread:  ([mutex/lock_event])
[0x0000025238dd0180] Heap_lock - owner thread: 0x0000025238dd2000

Heap address: 0x0000000701000000, size: 4080 MB, Compressed Oops mode: Non-zero based: 0x0000000701000000
Narrow klass base: 0x0000000000000000, Narrow klass shift: 0

GC Heap History (0 events):
No events

Deoptimization events (0 events):
No events

Classes redefined (0 events):
No events

Internal exceptions (0 events):
No events

Events (1 events):
Event: 0.014 Loaded shared library C:\Program Files\JetBrains\IntelliJ IDEA Community Edition 2020.3.2\jbr\bin\zip.dll


Dynamic libraries:
0x00007ff621e20000 - 0x00007ff621e2a000 	C:\Program Files\JetBrains\IntelliJ IDEA Community Edition 2020.3.2\jbr\bin\java.exe
0x00007ffed8160000 - 0x00007ffed8350000 	C:\WINDOWS\SYSTEM32\ntdll.dll
0x00007ffeb1150000 - 0x00007ffeb1169000 	C:\Program Files\AVAST Software\Avast\aswhook.dll
0x00007ffed6460000 - 0x00007ffed6512000 	C:\WINDOWS\System32\KERNEL32.DLL
0x00007ffed5b20000 - 0x00007ffed5dc3000 	C:\WINDOWS\System32\KERNELBASE.dll
0x00007ffed5f50000 - 0x00007ffed604a000 	C:\WINDOWS\System32\ucrtbase.dll
0x00007ffec7690000 - 0x00007ffec76a9000 	C:\Program Files\JetBrains\IntelliJ IDEA Community Edition 2020.3.2\jbr\bin\jli.dll
0x00007ffed62c0000 - 0x00007ffed6454000 	C:\WINDOWS\System32\USER32.dll
0x00007ffed61e0000 - 0x00007ffed6201000 	C:\WINDOWS\System32\win32u.dll
0x00007ffed7650000 - 0x00007ffed7676000 	C:\WINDOWS\System32\GDI32.dll
0x00007ffed5980000 - 0x00007ffed5b14000 	C:\WINDOWS\System32\gdi32full.dll
0x00007ffed6050000 - 0x00007ffed60ee000 	C:\WINDOWS\System32\msvcp_win.dll
0x00007ffebdf60000 - 0x00007ffebdf77000 	C:\Program Files\JetBrains\IntelliJ IDEA Community Edition 2020.3.2\jbr\bin\VCRUNTIME140.dll
0x00007ffeb8640000 - 0x00007ffeb88c5000 	C:\WINDOWS\WinSxS\amd64_microsoft.windows.common-controls_6595b64144ccf1df_6.0.18362.476_none_e6c4b11b130f2595\COMCTL32.dll
0x00007ffed7780000 - 0x00007ffed781e000 	C:\WINDOWS\System32\msvcrt.dll
0x00007ffed6f40000 - 0x00007ffed7276000 	C:\WINDOWS\System32\combase.dll
0x00007ffed7910000 - 0x00007ffed7a30000 	C:\WINDOWS\System32\RPCRT4.dll
0x00007ffed6160000 - 0x00007ffed61e0000 	C:\WINDOWS\System32\bcryptPrimitives.dll
0x00007ffed6c10000 - 0x00007ffed6c3e000 	C:\WINDOWS\System32\IMM32.DLL
0x00007ffe94d00000 - 0x00007ffe94d9d000 	C:\Program Files\JetBrains\IntelliJ IDEA Community Edition 2020.3.2\jbr\bin\msvcp140.dll
0x00007ffe70ea0000 - 0x00007ffe7196e000 	C:\Program Files\JetBrains\IntelliJ IDEA Community Edition 2020.3.2\jbr\bin\server\jvm.dll
0x00007ffed7320000 - 0x00007ffed73c3000 	C:\WINDOWS\System32\ADVAPI32.dll
0x00007ffed7680000 - 0x00007ffed7717000 	C:\WINDOWS\System32\sechost.dll
0x00007ffed7820000 - 0x00007ffed7828000 	C:\WINDOWS\System32\PSAPI.DLL
0x00007ffecc900000 - 0x00007ffecc909000 	C:\WINDOWS\SYSTEM32\WSOCK32.dll
0x00007ffed7a30000 - 0x00007ffed7a9f000 	C:\WINDOWS\System32\WS2_32.dll
0x00007ffecbf40000 - 0x00007ffecbf64000 	C:\WINDOWS\SYSTEM32\WINMM.dll
0x00007ffed00b0000 - 0x00007ffed00ba000 	C:\WINDOWS\SYSTEM32\VERSION.dll
0x00007ffecbf10000 - 0x00007ffecbf3d000 	C:\WINDOWS\SYSTEM32\WINMMBASE.dll
0x00007ffed60f0000 - 0x00007ffed613a000 	C:\WINDOWS\System32\cfgmgr32.dll
0x00007ffed50b0000 - 0x00007ffed50c1000 	C:\WINDOWS\System32\kernel.appcore.dll
0x00007ffec78a0000 - 0x00007ffec78b1000 	C:\Program Files\JetBrains\IntelliJ IDEA Community Edition 2020.3.2\jbr\bin\verify.dll
0x00007ffecfcc0000 - 0x00007ffecfeb4000 	C:\WINDOWS\SYSTEM32\DBGHELP.DLL
0x00007ffecf8b0000 - 0x00007ffecf8da000 	C:\WINDOWS\SYSTEM32\dbgcore.DLL
0x00007ffec7460000 - 0x00007ffec7489000 	C:\Program Files\JetBrains\IntelliJ IDEA Community Edition 2020.3.2\jbr\bin\java.dll
0x00007ffec7890000 - 0x00007ffec789b000 	C:\Program Files\JetBrains\IntelliJ IDEA Community Edition 2020.3.2\jbr\bin\jimage.dll
0x00007ffec5510000 - 0x00007ffec5528000 	C:\Program Files\JetBrains\IntelliJ IDEA Community Edition 2020.3.2\jbr\bin\zip.dll

dbghelp: loaded successfully - version: 4.0.5 - missing functions: none
symbol engine: initialized successfully - sym options: 0x614 - pdb path: .;C:\Program Files\JetBrains\IntelliJ IDEA Community Edition 2020.3.2\jbr\bin;C:\WINDOWS\SYSTEM32;C:\Program Files\AVAST Software\Avast;C:\WINDOWS\WinSxS\amd64_microsoft.windows.common-controls_6595b64144ccf1df_6.0.18362.476_none_e6c4b11b130f2595;C:\Program Files\JetBrains\IntelliJ IDEA Community Edition 2020.3.2\jbr\bin\server

VM Arguments:
java_command: org.jetbrains.git4idea.http.GitAskPassApp Username for 'https://github.com': 
java_class_path (initial): C:/Program Files/JetBrains/IntelliJ IDEA Community Edition 2020.3.2/plugins/git4idea/lib/git4idea-rt.jar;C:/Program Files/JetBrains/IntelliJ IDEA Community Edition 2020.3.2/lib/xmlrpc-2.0.1.jar;C:/Program Files/JetBrains/IntelliJ IDEA Community Edition 2020.3.2/lib/commons-codec-1.14.jar
Launcher Type: SUN_STANDARD

[Global flags]
     intx CICompilerCount                          = 3                                         {product} {ergonomic}
     uint ConcGCThreads                            = 1                                         {product} {ergonomic}
     uint G1ConcRefinementThreads                  = 4                                         {product} {ergonomic}
   size_t G1HeapRegionSize                         = 1048576                                   {product} {ergonomic}
    uintx GCDrainStackTargetSize                   = 64                                        {product} {ergonomic}
   size_t InitialHeapSize                          = 268435456                                 {product} {ergonomic}
   size_t MarkStackSize                            = 4194304                                   {product} {ergonomic}
   size_t MaxHeapSize                              = 4278190080                                {product} {ergonomic}
   size_t MinHeapDeltaBytes                        = 1048576                                   {product} {ergonomic}
    uintx NonNMethodCodeHeapSize                   = 5830732                                {pd product} {ergonomic}
    uintx NonProfiledCodeHeapSize                  = 122913754                              {pd product} {ergonomic}
    uintx ProfiledCodeHeapSize                     = 122913754                              {pd product} {ergonomic}
    uintx ReservedCodeCacheSize                    = 251658240                              {pd product} {ergonomic}
     bool SegmentedCodeCache                       = true                                      {product} {ergonomic}
     bool UseCompressedClassPointers               = true                                 {lp64_product} {ergonomic}
     bool UseCompressedOops                        = true                                 {lp64_product} {ergonomic}
     bool UseG1GC                                  = true                                      {product} {ergonomic}
     bool UseLargePagesIndividualAllocation        = false                                  {pd product} {ergonomic}

Logging:
Log output configuration:
 #0: stdout all=warning uptime,level,tags
 #1: stderr all=off uptime,level,tags

Environment Variables:
PATH=C:/Program Files/Git/mingw64/libexec/git-core;C:/Program Files/Git/mingw64/libexec/git-core;C:\Program Files\Git\mingw64\bin;C:\Program Files\Git\usr\bin;C:\Users\BellaBombardiera\bin;C:\app\client\BellaBombardiera\product\18.0.0\client_1;C:\app\client\BellaBombardiera\product\18.0.0\client_1\bin;C:\oraclexe\app\oracle\product\11.2.0\server\bin;C:\Program Files (x86)\Common Files\Oracle\Java\javapath;C:\WINDOWS\system32;C:\WINDOWS;C:\WINDOWS\System32\Wbem;C:\WINDOWS\System32\WindowsPowerShell\v1.0\;C:\WINDOWS\System32\OpenSSH\;C:\Users\BellaBombardiera\Desktop\Gpg4win\..\GnuPG\bin;C:\Program Files\dotnet\;C:\Program Files\Microsoft SQL Server\130\Tools\Binn\;C:\Program Files\Microsoft SQL Server\Client SDK\ODBC\170\Tools\Binn\;C:\Program Files\Git\cmd;C:\Program Files (x86)\AOMEI\AOMEI Backupper\6.5.0;C:\Program Files\nodejs\;C:\Program Files\Docker\Docker\resources\bin;C:\Users\BellaBombardiera\AppData\Local\Microsoft\WindowsApps;C:\Users\BellaBombardiera\.dotnet\tools;C:\Users\BellaBombardiera\AppData\Local\Programs\Microsoft VS Code\bin;C:\iverilog\bin;C:\iverilog\gtkwave\bin;C:\msys64\mingw64\bin;C:\Users\BellaBombardiera\AppData\Roaming\npm
USERNAME=BellaBombardiera
DISPLAY=:0.0
LC_ALL=en_US.UTF-8
OS=Windows_NT
PROCESSOR_IDENTIFIER=Intel64 Family 6 Model 60 Stepping 3, GenuineIntel



---------------  S Y S T E M  ---------------

OS: Windows 10 , 64 bit Build 18362 (10.0.18362.329)
OS uptime: 49 days 9:03 hours
HyperV virtualization detected

CPU:total 4 (initial active 4) (4 cores per cpu, 1 threads per core) family 6 model 60 stepping 3, cmov, cx8, fxsr, mmx, sse, sse2, sse3, ssse3, sse4.1, sse4.2, popcnt, avx, avx2, aes, clmul, erms, lzcnt, tsc, tscinvbit, bmi1, bmi2, fma

Memory: 4k page, system-wide physical 16318M (5015M free)
TotalPageFile size 30162M (AvailPageFile size 46M)
current process WorkingSet (physical memory assigned to process): 10M, peak: 10M
current process commit charge ("private bytes"): 52M, peak: 308M

vm_info: OpenJDK 64-Bit Server VM (11.0.9.1+11-b1145.77) for windows-amd64 JRE (11.0.9.1+11-b1145.77), built on Jan 16 2021 05:14:13 by "" with MS VC++ 14.0 (VS2015)

END.
